0 info it worked if it ends with ok
1 verbose cli [ '/usr/local/bin/node', '/usr/local/bin/npm', 'start' ]
2 info using npm@3.8.2
3 info using node@v4.2.6
4 verbose run-script [ 'prestart', 'start', 'poststart' ]
5 info lifecycle client@0.0.1~prestart: client@0.0.1
6 verbose lifecycle client@0.0.1~prestart: unsafe-perm in lifecycle true
7 verbose lifecycle client@0.0.1~prestart: PATH: /usr/local/lib/node_modules/npm/bin/node-gyp-bin:/Users/trevor/dev/projects/kegwatch/client/node_modules/.bin:/usr/local/bin:/usr/local/bin:/usr/bin:/bin:/usr/sbin:/sbin:/opt/X11/bin
8 verbose lifecycle client@0.0.1~prestart: CWD: /Users/trevor/dev/projects/kegwatch/client
9 silly lifecycle client@0.0.1~prestart: Args: [ '-c',
9 silly lifecycle   'node node_modules/aws-sdk/dist-tools/browser-builder.js > node_modules/aws-sdk/index.js' ]
10 silly lifecycle client@0.0.1~prestart: Returned: code: 1  signal: null
11 info lifecycle client@0.0.1~prestart: Failed to exec prestart script
12 verbose stack Error: client@0.0.1 prestart: `node node_modules/aws-sdk/dist-tools/browser-builder.js > node_modules/aws-sdk/index.js`
12 verbose stack Exit status 1
12 verbose stack     at EventEmitter.<anonymous> (/usr/local/lib/node_modules/npm/lib/utils/lifecycle.js:239:16)
12 verbose stack     at emitTwo (events.js:87:13)
12 verbose stack     at EventEmitter.emit (events.js:172:7)
12 verbose stack     at ChildProcess.<anonymous> (/usr/local/lib/node_modules/npm/lib/utils/spawn.js:24:14)
12 verbose stack     at emitTwo (events.js:87:13)
12 verbose stack     at ChildProcess.emit (events.js:172:7)
12 verbose stack     at maybeClose (internal/child_process.js:821:16)
12 verbose stack     at Process.ChildProcess._handle.onexit (internal/child_process.js:211:5)
13 verbose pkgid client@0.0.1
14 verbose cwd /Users/trevor/dev/projects/kegwatch/client
15 error Darwin 15.2.0
16 error argv "/usr/local/bin/node" "/usr/local/bin/npm" "start"
17 error node v4.2.6
18 error npm  v3.8.2
19 error code ELIFECYCLE
20 error client@0.0.1 prestart: `node node_modules/aws-sdk/dist-tools/browser-builder.js > node_modules/aws-sdk/index.js`
20 error Exit status 1
21 error Failed at the client@0.0.1 prestart script 'node node_modules/aws-sdk/dist-tools/browser-builder.js > node_modules/aws-sdk/index.js'.
21 error Make sure you have the latest version of node.js and npm installed.
21 error If you do, this is most likely a problem with the client package,
21 error not with npm itself.
21 error Tell the author that this fails on your system:
21 error     node node_modules/aws-sdk/dist-tools/browser-builder.js > node_modules/aws-sdk/index.js
21 error You can get information on how to open an issue for this project with:
21 error     npm bugs client
21 error Or if that isn't available, you can get their info via:
21 error     npm owner ls client
21 error There is likely additional logging output above.
22 verbose exit [ 1, true ]
